mode: atomic
github.com/crunchyroll/evs-s3helper/controllers/base.go:24.94,29.2 4 0
github.com/crunchyroll/evs-s3helper/controllers/base.go:32.62,34.2 1 1
github.com/crunchyroll/evs-s3helper/controllers/base.go:37.68,39.2 1 1
github.com/crunchyroll/evs-s3helper/controllers/base.go:42.93,48.2 2 1
github.com/crunchyroll/evs-s3helper/controllers/base.go:51.69,53.2 1 1
github.com/crunchyroll/evs-s3helper/controllers/base.go:56.60,58.2 1 1
github.com/crunchyroll/evs-s3helper/controllers/base.go:61.62,63.2 1 1
github.com/crunchyroll/evs-s3helper/controllers/base.go:66.59,68.2 1 1
github.com/crunchyroll/evs-s3helper/controllers/system.go:16.71,18.16 2 0
github.com/crunchyroll/evs-s3helper/controllers/system.go:21.2,21.81 1 0
github.com/crunchyroll/evs-s3helper/controllers/system.go:18.16,20.3 1 0
github.com/crunchyroll/evs-s3helper/controllers/system.go:25.87,27.2 1 0
github.com/crunchyroll/evs-s3helper/controllers/system.go:30.86,32.16 2 0
github.com/crunchyroll/evs-s3helper/controllers/system.go:32.16,35.3 2 0
